<?xml version="1.0" encoding="UTF-8"?>
<testng-results ignored="0" total="1" passed="1" failed="0" skipped="0">
  <reporter-output>
  </reporter-output>
  <suite started-at="2024-05-23T02:11:31 BDT" name="Default suite" finished-at="2024-05-23T02:13:19 BDT" duration-ms="108302">
    <groups>
    </groups>
    <test started-at="2024-05-23T02:11:31 BDT" name="Default test" finished-at="2024-05-23T02:13:19 BDT" duration-ms="108302">
      <class name="TestCases.TestScenario02">
        <test-method is-config="true" signature="setupCapability()[pri:0, instance:TestCases.TestScenario02@16150369]" started-at="2024-05-23T02:11:21 BDT" name="setupCapability" finished-at="2024-05-23T02:11:31 BDT" duration-ms="9629" status="PASS">
          <reporter-output>
          </reporter-output>
        </test-method> <!-- setupCapability -->
        <test-method signature="OrderReplace()[pri:0, instance:TestCases.TestScenario02@16150369]" started-at="2024-05-23T02:11:31 BDT" name="OrderReplace" description="Scenario 02 : Given: Mike go to shopping cart by clicking top cart icon
When: Mike click checkout button from shopping cart page
And: Mike select checkout as guest from shopping cart page
Then: Mike input all the details in checkout billing details page and click continue
And: Mike select &quot;Next Day Air&quot; as shipping method and click continue
And: Mike select &quot;Check/Money Order&quot; as payment method and click continue
And: Mike click next button on payment information page
Then: Mike click confirm button to place the order
And: Verify order place successfully with popup message &quot;Your order has been successfully processed!&quot;" finished-at="2024-05-23T02:13:19 BDT" duration-ms="108128" status="PASS">
          <reporter-output>
          </reporter-output>
        </test-method> <!-- OrderReplace -->
        <test-method is-config="true" signature="quitDriver()[pri:0, instance:TestCases.TestScenario02@16150369]" started-at="2024-05-23T02:13:19 BDT" name="quitDriver" finished-at="2024-05-23T02:13:20 BDT" duration-ms="823" status="PASS">
          <reporter-output>
          </reporter-output>
        </test-method> <!-- quitDriver -->
      </class> <!-- TestCases.TestScenario02 -->
    </test> <!-- Default test -->
  </suite> <!-- Default suite -->
</testng-results>
